<?xml version="1.0" encoding="UTF-8"?>
<testng-results ignored="0" total="3" passed="3" failed="0" skipped="0">
  <reporter-output>
  </reporter-output>
  <suite started-at="2026-07-14T00:51:37 CEST" name="CrossBrowserSuite" finished-at="2026-07-14T00:51:49 CEST" duration-ms="12096">
    <groups>
    </groups>
    <test started-at="2026-07-14T00:51:37 CEST" name="FirefoxTest" finished-at="2026-07-14T00:51:47 CEST" duration-ms="9845">
      <class name="tests.SwagLabsTests">
        <test-method is-config="true" signature="initializeBrowser(java.lang.String)[pri:0, instance:tests.SwagLabsTests@65e98b1c]" started-at="2026-07-14T00:51:37 CEST" name="initializeBrowser" finished-at="2026-07-14T00:51:44 CEST" duration-ms="6548" status="PASS">
          <params>
            <param index="0">
              <value>
                <![CDATA[Firefox]]>
              </value>
            </param>
          </params>
          <reporter-output>
          </reporter-output>
        </test-method> <!-- initializeBrowser -->
        <test-method signature="completePurchaseFlow()[pri:0, instance:tests.SwagLabsTests@65e98b1c]" started-at="2026-07-14T00:51:44 CEST" name="completePurchaseFlow" finished-at="2026-07-14T00:51:46 CEST" duration-ms="2547" status="PASS">
          <reporter-output>
          </reporter-output>
        </test-method> <!-- completePurchaseFlow -->
        <test-method is-config="true" signature="browserQuit()[pri:0, instance:tests.SwagLabsTests@65e98b1c]" started-at="2026-07-14T00:51:46 CEST" name="browserQuit" finished-at="2026-07-14T00:51:47 CEST" duration-ms="706" status="PASS">
          <reporter-output>
          </reporter-output>
        </test-method> <!-- browserQuit -->
      </class> <!-- tests.SwagLabsTests -->
    </test> <!-- FirefoxTest -->
    <test started-at="2026-07-14T00:51:37 CEST" name="ChromeTest" finished-at="2026-07-14T00:51:47 CEST" duration-ms="10428">
      <class name="tests.SwagLabsTests">
        <test-method is-config="true" signature="initializeBrowser(java.lang.String)[pri:0, instance:tests.SwagLabsTests@3e694b3f]" started-at="2026-07-14T00:51:37 CEST" name="initializeBrowser" finished-at="2026-07-14T00:51:42 CEST" duration-ms="5410" status="PASS">
          <params>
            <param index="0">
              <value>
                <![CDATA[Chrome]]>
              </value>
            </param>
          </params>
          <reporter-output>
          </reporter-output>
        </test-method> <!-- initializeBrowser -->
        <test-method signature="completePurchaseFlow()[pri:0, instance:tests.SwagLabsTests@3e694b3f]" started-at="2026-07-14T00:51:42 CEST" name="completePurchaseFlow" finished-at="2026-07-14T00:51:47 CEST" duration-ms="4603" status="PASS">
          <reporter-output>
          </reporter-output>
        </test-method> <!-- completePurchaseFlow -->
        <test-method is-config="true" signature="browserQuit()[pri:0, instance:tests.SwagLabsTests@3e694b3f]" started-at="2026-07-14T00:51:47 CEST" name="browserQuit" finished-at="2026-07-14T00:51:47 CEST" duration-ms="374" status="PASS">
          <reporter-output>
          </reporter-output>
        </test-method> <!-- browserQuit -->
      </class> <!-- tests.SwagLabsTests -->
    </test> <!-- ChromeTest -->
    <test started-at="2026-07-14T00:51:37 CEST" name="EdgeTest" finished-at="2026-07-14T00:51:49 CEST" duration-ms="12096">
      <class name="tests.SwagLabsTests">
        <test-method is-config="true" signature="initializeBrowser(java.lang.String)[pri:0, instance:tests.SwagLabsTests@6ad82709]" started-at="2026-07-14T00:51:37 CEST" name="initializeBrowser" finished-at="2026-07-14T00:51:46 CEST" duration-ms="8567" status="PASS">
          <params>
            <param index="0">
              <value>
                <![CDATA[Edge]]>
              </value>
            </param>
          </params>
          <reporter-output>
          </reporter-output>
        </test-method> <!-- initializeBrowser -->
        <test-method signature="completePurchaseFlow()[pri:0, instance:tests.SwagLabsTests@6ad82709]" started-at="2026-07-14T00:51:46 CEST" name="completePurchaseFlow" finished-at="2026-07-14T00:51:49 CEST" duration-ms="3161" status="PASS">
          <reporter-output>
          </reporter-output>
        </test-method> <!-- completePurchaseFlow -->
        <test-method is-config="true" signature="browserQuit()[pri:0, instance:tests.SwagLabsTests@6ad82709]" started-at="2026-07-14T00:51:49 CEST" name="browserQuit" finished-at="2026-07-14T00:51:49 CEST" duration-ms="324" status="PASS">
          <reporter-output>
          </reporter-output>
        </test-method> <!-- browserQuit -->
      </class> <!-- tests.SwagLabsTests -->
    </test> <!-- EdgeTest -->
  </suite> <!-- CrossBrowserSuite -->
</testng-results>
