<?xml version="1.0" encoding="UTF-8"?>
<!-- Generated by org.testng.reporters.JUnitReportReporter -->
<testsuite hostname="DESKTOP-UE4S23J" failures="0" tests="3" name="tests.SwagLabsTests" time="32.240" errors="0" timestamp="2026-07-14T00:51:49 CEST" skipped="0">
  <testcase classname="tests.SwagLabsTests" name="completePurchaseFlow" time="12.052"/>
  <testcase classname="tests.SwagLabsTests" name="completePurchaseFlow" time="10.387"/>
  <testcase classname="tests.SwagLabsTests" name="completePurchaseFlow" time="9.801"/>
</testsuite> <!-- tests.SwagLabsTests -->
